This is pdfTeX, Version 3.1415926-1.40.10 (MiKTeX 2.8) (preloaded format=pdflatex 2015.6.10)  18 JUL 2015 18:42
entering extended mode
**LaTeX1.tex
(C:\Users\Maycon\Documents\Teste00001\LaTeX1.tex
LaTeX2e <2011/06/27>
Babel <v3.8m> and hyphenation patterns for english, dumylang, nohyphenation, ge
rman, ngerman, german-x-2009-06-19, ngerman-x-2009-06-19, french, loaded.
("D:\Arquivos de Programas\Latex\tex\latex\base\article.cls"
Document Class: article 2007/10/19 v1.4h Standard LaTeX document class
("D:\Arquivos de Programas\Latex\tex\latex\base\size10.clo"
File: size10.clo 2007/10/19 v1.4h Standard LaTeX file (size option)
)
\c@part=\count79
\c@section=\count80
\c@subsection=\count81
\c@subsubsection=\count82
\c@paragraph=\count83
\c@subparagraph=\count84
\c@figure=\count85
\c@table=\count86
\abovecaptionskip=\skip41
\belowcaptionskip=\skip42
\bibindent=\dimen102
)
("D:\Arquivos de Programas\Latex\tex\latex\tools\array.sty"
Package: array 2008/09/09 v2.4c Tabular extension package (FMi)
\col@sep=\dimen103
\extrarowheight=\dimen104
\NC@list=\toks14
\extratabsurround=\skip43
\backup@length=\skip44
)
(C:\Users\Maycon\Documents\Teste00001\LaTeX1.aux)
LaTeX Font Info:    Checking defaults for OML/cmm/m/it on input line 8.
LaTeX Font Info:    ... okay on input line 8.
LaTeX Font Info:    Checking defaults for T1/cmr/m/n on input line 8.
LaTeX Font Info:    ... okay on input line 8.
LaTeX Font Info:    Checking defaults for OT1/cmr/m/n on input line 8.
LaTeX Font Info:    ... okay on input line 8.
LaTeX Font Info:    Checking defaults for OMS/cmsy/m/n on input line 8.
LaTeX Font Info:    ... okay on input line 8.
LaTeX Font Info:    Checking defaults for OMX/cmex/m/n on input line 8.
LaTeX Font Info:    ... okay on input line 8.
LaTeX Font Info:    Checking defaults for U/cmr/m/n on input line 8.
LaTeX Font Info:    ... okay on input line 8.
LaTeX Font Info:    External font `cmex10' loaded for size
(Font)              <7> on input line 10.
LaTeX Font Info:    External font `cmex10' loaded for size
(Font)              <5> on input line 10.
Missing character: There is no ç in font cmr10!
Missing character: There is no õ in font cmr10!
Missing character: There is no ç in font cmr10!
Missing character: There is no õ in font cmr10!
LaTeX Font Info:    External font `cmex10' loaded for size
(Font)              <8> on input line 27.
LaTeX Font Info:    External font `cmex10' loaded for size
(Font)              <6> on input line 27.
Missing character: There is no ê in font cmr8!
Missing character: There is no ç in font cmr8!
Missing character: There is no ã in font cmr8!
Missing character: There is no ç in font cmr8!
Missing character: There is no ç in font cmr8!
Missing character: There is no ã in font cmr8!
Missing character: There is no ç in font cmr8!
Missing character: There is no ã in font cmr8!
Missing character: There is no ç in font cmr8!
Missing character: There is no ã in font cmr8!
Missing character: There is no ç in font cmr8!
Missing character: There is no ã in font cmr8!
Missing character: There is no ç in font cmr8!
Missing character: There is no ã in font cmr8!
Missing character: There is no ç in font cmr8!
Missing character: There is no ã in font cmr8!
Missing character: There is no ç in font cmr8!
Missing character: There is no ã in font cmr8!
Missing character: There is no ç in font cmr8!
Missing character: There is no ã in font cmr8!

Overfull \hbox (128.88509pt too wide) in paragraph at lines 27--41
 [][] 
 []

[1

{C:/Users/Maycon/AppData/Local/MiKTeX/2.8/pdftex/config/pdftex.map}]
(C:\Users\Maycon\Documents\Teste00001\LaTeX1.aux)

LaTeX Warning: Label(s) may have changed. Rerun to get cross-references right.

 ) 
Here is how much of TeX's memory you used:
 276 strings out of 495285
 3175 string characters out of 3180303
 54520 words of memory out of 3000000
 3555 multiletter control sequences out of 15000+200000
 5463 words of font info for 20 fonts, out of 3000000 for 9000
 14 hyphenation exceptions out of 8191
 23i,9n,17p,394b,204s stack positions out of 5000i,500n,10000p,200000b,50000s
<D:/Arquivos de Programas/Latex/fonts/type1/public/amsfonts/cm/cmr10.pfb><D:/
Arquivos de Programas/Latex/fonts/type1/public/amsfonts/cm/cmr8.pfb>
Output written on LaTeX1.pdf (1 page, 32725 bytes).
PDF statistics:
 14 PDF objects out of 1000 (max. 8388607)
 0 named destinations out of 1000 (max. 500000)
 1 words of extra memory for PDF output out of 10000 (max. 10000000)

